<?xml version="1.0" encoding="UTF-8"?>
<!-- Generated by org.testng.reporters.JUnitReportReporter -->
<testsuite hostname="AG-5CG30744KG" failures="0" tests="1" name="macron.AcceptCancel" time="48.955" errors="0" timestamp="2024-01-02T20:27:47 IST" skipped="0">
  <testcase classname="macron.AcceptCancel" name="Alert" time="48.955"/>
  <system-out/>
</testsuite> <!-- macron.AcceptCancel -->
