<?xml version="1.0" encoding="UTF-8"?>
<!-- Generated by org.testng.reporters.JUnitReportReporter -->
<testsuite hostname="AG-5CG30744KG" failures="0" tests="1" name="macron.ILAB25455" time="49.440" errors="0" timestamp="2024-01-03T15:10:41 IST" skipped="0">
  <testcase classname="macron.ILAB25455" name="Priceupdate" time="49.440"/>
  <system-out/>
</testsuite> <!-- macron.ILAB25455 -->
