<?xml version="1.0" encoding="UTF-8"?>
<!-- Generated by org.testng.reporters.JUnitReportReporter -->
<testsuite hostname="AG-5CG30744KG" failures="0" tests="2" name="library.Login" time="18.778" errors="0" timestamp="2024-01-01T23:30:53 IST" skipped="0">
  <testcase classname="library.Login" name="DriverLaunch" time="4.210"/>
  <system-out/>
  <testcase classname="library.Login" name="navigation" time="14.568"/>
  <system-out/>
</testsuite> <!-- library.Login -->
