<?xml version="1.0" encoding="UTF-8"?>
<!-- Generated by org.testng.reporters.JUnitReportReporter -->
<testsuite hostname="AG-5CG30744KG" failures="0" tests="1" name="macron.Import" time="29.730" errors="0" timestamp="2024-01-02T20:21:09 IST" skipped="0">
  <testcase classname="macron.Import" name="Funtions" time="29.730"/>
  <system-out/>
</testsuite> <!-- macron.Import -->
